Token                      Position
let                        (-1, -1)
a                          (17, 0)
:                          (-1, -1)
int                        (-1, -1)
;                          (-1, -1)
read                       (-1, -1)
(                          (-1, -1)
a                          (17, 0)
)                          (-1, -1)
;                          (-1, -1)
let                        (-1, -1)
b                          (18, 0)
:                          (-1, -1)
int                        (-1, -1)
;                          (-1, -1)
read                       (-1, -1)
(                          (-1, -1)
b                          (18, 0)
)                          (-1, -1)
;                          (-1, -1)
let                        (-1, -1)
c                          (19, 0)
:                          (-1, -1)
int                        (-1, -1)
;                          (-1, -1)
read                       (-1, -1)
(                          (-1, -1)
c                          (19, 0)
)                          (-1, -1)
;                          (-1, -1)
check                      (-1, -1)
(                          (-1, -1)
a                          (17, 0)
>                          (-1, -1)
b                          (18, 0)
and                        (-1, -1)
a                          (17, 0)
>                          (-1, -1)
c                          (19, 0)
)                          (-1, -1)
{                          (-1, -1)
write                      (-1, -1)
(                          (-1, -1)
a                          (17, 0)
)                          (-1, -1)
}                          (-1, -1)
else                       (-1, -1)
check                      (-1, -1)
(                          (-1, -1)
b                          (18, 0)
>                          (-1, -1)
c                          (19, 0)
and                        (-1, -1)
b                          (18, 0)
>                          (-1, -1)
a                          (17, 0)
)                          (-1, -1)
{                          (-1, -1)
write                      (-1, -1)
(                          (-1, -1)
b                          (18, 0)
)                          (-1, -1)
else                       (-1, -1)
write                      (-1, -1)
(                          (-1, -1)
c                          (19, 0)
)                          (-1, -1)
;                          (-1, -1)
}                          (-1, -1)
